<?xml version="1.0" encoding="UTF-8"?>
<testng-results skipped="0" failed="1" total="3" passed="2">
  <reporter-output>
  </reporter-output>
  <suite name="Default suite" duration-ms="83031" started-at="2020-05-04T14:25:40Z" finished-at="2020-05-04T14:27:03Z">
    <groups>
    </groups>
    <test name="Default test" duration-ms="83031" started-at="2020-05-04T14:25:40Z" finished-at="2020-05-04T14:27:03Z">
      <class name="com.apptest.qa.testcases.HomePageTestCases">
        <test-method status="PASS" signature="setUp()[pri:0, instance:com.apptest.qa.testcases.HomePageTestCases@19bb089b]" name="setUp" is-config="true" duration-ms="9956" started-at="2020-05-04T19:55:40Z" finished-at="2020-05-04T19:55:50Z">
          <reporter-output>
          </reporter-output>
        </test-method> <!-- setUp -->
        <test-method status="PASS" signature="verifyTitle()[pri:0, instance:com.apptest.qa.testcases.HomePageTestCases@19bb089b]" name="verifyTitle" duration-ms="21585" started-at="2020-05-04T19:55:50Z" finished-at="2020-05-04T19:56:11Z">
          <reporter-output>
          </reporter-output>
        </test-method> <!-- verifyTitle -->
        <test-method status="PASS" signature="tearDown()[pri:0, instance:com.apptest.qa.testcases.HomePageTestCases@19bb089b]" name="tearDown" is-config="true" duration-ms="1191" started-at="2020-05-04T19:56:11Z" finished-at="2020-05-04T19:56:13Z">
          <reporter-output>
          </reporter-output>
        </test-method> <!-- tearDown -->
        <test-method status="PASS" signature="setUp()[pri:0, instance:com.apptest.qa.testcases.HomePageTestCases@19bb089b]" name="setUp" is-config="true" duration-ms="9976" started-at="2020-05-04T19:56:13Z" finished-at="2020-05-04T19:56:23Z">
          <reporter-output>
          </reporter-output>
        </test-method> <!-- setUp -->
        <test-method status="PASS" signature="verifyDetailsOfHomePage()[pri:0, instance:com.apptest.qa.testcases.HomePageTestCases@19bb089b]" name="verifyDetailsOfHomePage" duration-ms="13919" started-at="2020-05-04T19:56:23Z" finished-at="2020-05-04T19:56:37Z">
          <reporter-output>
          </reporter-output>
        </test-method> <!-- verifyDetailsOfHomePage -->
        <test-method status="PASS" signature="tearDown()[pri:0, instance:com.apptest.qa.testcases.HomePageTestCases@19bb089b]" name="tearDown" is-config="true" duration-ms="1079" started-at="2020-05-04T19:56:37Z" finished-at="2020-05-04T19:56:38Z">
          <reporter-output>
          </reporter-output>
        </test-method> <!-- tearDown -->
        <test-method status="PASS" signature="setUp()[pri:0, instance:com.apptest.qa.testcases.HomePageTestCases@19bb089b]" name="setUp" is-config="true" duration-ms="8680" started-at="2020-05-04T19:56:38Z" finished-at="2020-05-04T19:56:46Z">
          <reporter-output>
          </reporter-output>
        </test-method> <!-- setUp -->
        <test-method status="FAIL" signature="verifyMeghnaHomePage()[pri:0, instance:com.apptest.qa.testcases.HomePageTestCases@19bb089b]" name="verifyMeghnaHomePage" duration-ms="15455" started-at="2020-05-04T19:56:46Z" finished-at="2020-05-04T19:57:02Z">
          <exception class="org.openqa.selenium.ElementClickInterceptedException">
            <message>
              <![CDATA[element click intercepted: Element <a accesskey="2" data-gt="{&quot;chrome_nav_item&quot;:&quot;timeline_chrome&quot;}" class="_2s25 _606w" href="https://www.facebook.com/meghna.manjunath.9" title="Profile">...</a> is not clickable at point (779, 21). Other element would receive the click: <div class="_3ixn"></div>
  (Session info: chrome=81.0.4044.129)
Build info: version: '3.141.59', revision: 'e82be7d358', time: '2018-11-14T08:17:03'
System info: host: 'IN-MMEGHANA-1', ip: '172.20.10.2', os.name: 'Windows 10', os.arch: 'amd64', os.version: '10.0', java.version: '1.8.0_121'
Driver info: org.openqa.selenium.chrome.ChromeDriver
Capabilities {acceptInsecureCerts: false, browserName: chrome, browserVersion: 81.0.4044.129, chrome: {chromedriverVersion: 81.0.4044.69 (6813546031a4b..., userDataDir: C:\Users\MMeghana\AppData\L...}, goog:chromeOptions: {debuggerAddress: localhost:50065}, javascriptEnabled: true, networkConnectionEnabled: false, pageLoadStrategy: normal, platform: WINDOWS, platformName: WINDOWS, proxy: Proxy(), setWindowRect: true, strictFileInteractability: false, timeouts: {implicit: 0, pageLoad: 300000, script: 30000}, unhandledPromptBehavior: dismiss and notify, webauthn:virtualAuthenticators: true}
Session ID: 72a2b831f4912359caed13eb504eaaf1]]>
            </message>
            <full-stacktrace>
              <![CDATA[org.openqa.selenium.ElementClickInterceptedException: element click intercepted: Element <a accesskey="2" data-gt="{&quot;chrome_nav_item&quot;:&quot;timeline_chrome&quot;}" class="_2s25 _606w" href="https://www.facebook.com/meghna.manjunath.9" title="Profile">...</a> is not clickable at point (779, 21). Other element would receive the click: <div class="_3ixn"></div>
  (Session info: chrome=81.0.4044.129)
Build info: version: '3.141.59', revision: 'e82be7d358', time: '2018-11-14T08:17:03'
System info: host: 'IN-MMEGHANA-1', ip: '172.20.10.2', os.name: 'Windows 10', os.arch: 'amd64', os.version: '10.0', java.version: '1.8.0_121'
Driver info: org.openqa.selenium.chrome.ChromeDriver
Capabilities {acceptInsecureCerts: false, browserName: chrome, browserVersion: 81.0.4044.129, chrome: {chromedriverVersion: 81.0.4044.69 (6813546031a4b..., userDataDir: C:\Users\MMeghana\AppData\L...}, goog:chromeOptions: {debuggerAddress: localhost:50065}, javascriptEnabled: true, networkConnectionEnabled: false, pageLoadStrategy: normal, platform: WINDOWS, platformName: WINDOWS, proxy: Proxy(), setWindowRect: true, strictFileInteractability: false, timeouts: {implicit: 0, pageLoad: 300000, script: 30000}, unhandledPromptBehavior: dismiss and notify, webauthn:virtualAuthenticators: true}
Session ID: 72a2b831f4912359caed13eb504eaaf1
	at sun.reflect.NativeConstructorAccessorImpl.newInstance0(Native Method)
	at sun.reflect.NativeConstructorAccessorImpl.newInstance(NativeConstructorAccessorImpl.java:62)
	at sun.reflect.DelegatingConstructorAccessorImpl.newInstance(DelegatingConstructorAccessorImpl.java:45)
	at java.lang.reflect.Constructor.newInstance(Constructor.java:423)
	at org.openqa.selenium.remote.http.W3CHttpResponseCodec.createException(W3CHttpResponseCodec.java:187)
	at org.openqa.selenium.remote.http.W3CHttpResponseCodec.decode(W3CHttpResponseCodec.java:122)
	at org.openqa.selenium.remote.http.W3CHttpResponseCodec.decode(W3CHttpResponseCodec.java:49)
	at org.openqa.selenium.remote.HttpCommandExecutor.execute(HttpCommandExecutor.java:158)
	at org.openqa.selenium.remote.service.DriverCommandExecutor.execute(DriverCommandExecutor.java:83)
	at org.openqa.selenium.remote.RemoteWebDriver.execute(RemoteWebDriver.java:552)
	at org.openqa.selenium.remote.RemoteWebElement.execute(RemoteWebElement.java:285)
	at org.openqa.selenium.remote.RemoteWebElement.click(RemoteWebElement.java:84)
	at sun.reflect.NativeMethodAccessorImpl.invoke0(Native Method)
	at sun.reflect.NativeMethodAccessorImpl.invoke(NativeMethodAccessorImpl.java:62)
	at sun.reflect.DelegatingMethodAccessorImpl.invoke(DelegatingMethodAccessorImpl.java:43)
	at java.lang.reflect.Method.invoke(Method.java:498)
	at org.openqa.selenium.support.pagefactory.internal.LocatingElementHandler.invoke(LocatingElementHandler.java:51)
	at com.sun.proxy.$Proxy8.click(Unknown Source)
	at com.apptest.qa.pages.HomePage.clickOnMeghna(HomePage.java:38)
	at com.apptest.qa.testcases.HomePageTestCases.verifyMeghnaHomePage(HomePageTestCases.java:58)
	at sun.reflect.NativeMethodAccessorImpl.invoke0(Native Method)
	at sun.reflect.NativeMethodAccessorImpl.invoke(NativeMethodAccessorImpl.java:62)
	at sun.reflect.DelegatingMethodAccessorImpl.invoke(DelegatingMethodAccessorImpl.java:43)
	at java.lang.reflect.Method.invoke(Method.java:498)
	at org.testng.internal.MethodInvocationHelper.invokeMethod(MethodInvocationHelper.java:85)
	at org.testng.internal.Invoker.invokeMethod(Invoker.java:663)
	at org.testng.internal.Invoker.invokeTestMethod(Invoker.java:849)
	at org.testng.internal.Invoker.invokeTestMethods(Invoker.java:1157)
	at org.testng.internal.TestMethodWorker.invokeTestMethods(TestMethodWorker.java:124)
	at org.testng.internal.TestMethodWorker.run(TestMethodWorker.java:108)
	at org.testng.TestRunner.privateRun(TestRunner.java:771)
	at org.testng.TestRunner.run(TestRunner.java:621)
	at org.testng.SuiteRunner.runTest(SuiteRunner.java:357)
	at org.testng.SuiteRunner.runSequentially(SuiteRunner.java:352)
	at org.testng.SuiteRunner.privateRun(SuiteRunner.java:310)
	at org.testng.SuiteRunner.run(SuiteRunner.java:259)
	at org.testng.SuiteRunnerWorker.runSuite(SuiteRunnerWorker.java:52)
	at org.testng.SuiteRunnerWorker.run(SuiteRunnerWorker.java:86)
	at org.testng.TestNG.runSuitesSequentially(TestNG.java:1200)
	at org.testng.TestNG.runSuitesLocally(TestNG.java:1125)
	at org.testng.TestNG.run(TestNG.java:1033)
	at org.testng.remote.RemoteTestNG.run(RemoteTestNG.java:111)
	at org.testng.remote.RemoteTestNG.initAndRun(RemoteTestNG.java:204)
	at org.testng.remote.RemoteTestNG.main(RemoteTestNG.java:175)
]]>
            </full-stacktrace>
          </exception> <!-- org.openqa.selenium.ElementClickInterceptedException -->
          <reporter-output>
          </reporter-output>
        </test-method> <!-- verifyMeghnaHomePage -->
        <test-method status="PASS" signature="tearDown()[pri:0, instance:com.apptest.qa.testcases.HomePageTestCases@19bb089b]" name="tearDown" is-config="true" duration-ms="1130" started-at="2020-05-04T19:57:02Z" finished-at="2020-05-04T19:57:03Z">
          <reporter-output>
          </reporter-output>
        </test-method> <!-- tearDown -->
      </class> <!-- com.apptest.qa.testcases.HomePageTestCases -->
    </test> <!-- Default test -->
  </suite> <!-- Default suite -->
</testng-results>
